<?xml version="1.0" encoding="UTF-8"?>
<!-- Generated by org.testng.reporters.JUnitReportReporter -->
<testsuite hostname="L7awati" failures="0" tests="1" name="util.BrowserFactory" time="2.909" errors="0" timestamp="2024-02-22T18:04:47 CST" skipped="0">
  <testcase classname="util.BrowserFactory" name="init" time="2.909"/>
</testsuite> <!-- util.BrowserFactory -->
