<?xml version="1.0" encoding="UTF-8"?>
<!-- Generated by org.testng.reporters.JUnitReportReporter -->
<testsuite hostname="L7awati" failures="0" tests="1" name="test.LoginTest" time="11.788" errors="0" timestamp="2024-02-22T21:10:10 CST" skipped="0">
  <testcase classname="test.LoginTest" name="validusershouldbeabletologin" time="11.788"/>
</testsuite> <!-- test.LoginTest -->
